  CharaCard.cpp
C:\Users\SBAUser\source\repos\API포폴\WinAPI\Objects\PickBan\CharaCard.cpp(21,23): warning C4244: '=': 'int'에서 'float'(으)로 변환하면서 데이터가 손실될 수 있습니다.
C:\Users\SBAUser\source\repos\API포폴\WinAPI\Objects\PickBan\CharaCard.cpp(28,23): warning C4244: '=': 'int'에서 'float'(으)로 변환하면서 데이터가 손실될 수 있습니다.
C:\Users\SBAUser\source\repos\API포폴\WinAPI\Objects\PickBan\CharaCard.cpp(79,60): warning C4267: '인수': 'size_t'에서 'int'(으)로 변환하면서 데이터가 손실될 수 있습니다.
C:\Users\SBAUser\source\repos\API포폴\WinAPI\Objects\PickBan\CharaCard.cpp(79,34): warning C4244: '인수': 'float'에서 'int'(으)로 변환하면서 데이터가 손실될 수 있습니다.
C:\Users\SBAUser\source\repos\API포폴\WinAPI\Objects\PickBan\CharaCard.cpp(79,22): warning C4244: '인수': 'float'에서 'int'(으)로 변환하면서 데이터가 손실될 수 있습니다.
C:\Users\SBAUser\source\repos\API포폴\WinAPI\Objects\PickBan\CharaCard.cpp(80,67): warning C4267: '인수': 'size_t'에서 'int'(으)로 변환하면서 데이터가 손실될 수 있습니다.
C:\Users\SBAUser\source\repos\API포폴\WinAPI\Objects\PickBan\CharaCard.cpp(80,34): warning C4244: '인수': 'float'에서 'int'(으)로 변환하면서 데이터가 손실될 수 있습니다.
C:\Users\SBAUser\source\repos\API포폴\WinAPI\Objects\PickBan\CharaCard.cpp(80,22): warning C4244: '인수': 'float'에서 'int'(으)로 변환하면서 데이터가 손실될 수 있습니다.
C:\Users\SBAUser\source\repos\API포폴\WinAPI\Objects\PickBan\CharaCard.cpp(81,63): warning C4267: '인수': 'size_t'에서 'int'(으)로 변환하면서 데이터가 손실될 수 있습니다.
C:\Users\SBAUser\source\repos\API포폴\WinAPI\Objects\PickBan\CharaCard.cpp(81,34): warning C4244: '인수': 'float'에서 'int'(으)로 변환하면서 데이터가 손실될 수 있습니다.
C:\Users\SBAUser\source\repos\API포폴\WinAPI\Objects\PickBan\CharaCard.cpp(81,22): warning C4244: '인수': 'float'에서 'int'(으)로 변환하면서 데이터가 손실될 수 있습니다.
C:\Users\SBAUser\source\repos\API포폴\WinAPI\Objects\PickBan\CharaCard.cpp(82,67): warning C4267: '인수': 'size_t'에서 'int'(으)로 변환하면서 데이터가 손실될 수 있습니다.
C:\Users\SBAUser\source\repos\API포폴\WinAPI\Objects\PickBan\CharaCard.cpp(82,34): warning C4244: '인수': 'float'에서 'int'(으)로 변환하면서 데이터가 손실될 수 있습니다.
C:\Users\SBAUser\source\repos\API포폴\WinAPI\Objects\PickBan\CharaCard.cpp(82,22): warning C4244: '인수': 'float'에서 'int'(으)로 변환하면서 데이터가 손실될 수 있습니다.
C:\Users\SBAUser\source\repos\API포폴\WinAPI\Objects\PickBan\CharaCard.cpp(83,62): warning C4267: '인수': 'size_t'에서 'int'(으)로 변환하면서 데이터가 손실될 수 있습니다.
C:\Users\SBAUser\source\repos\API포폴\WinAPI\Objects\PickBan\CharaCard.cpp(83,33): warning C4244: '인수': 'float'에서 'int'(으)로 변환하면서 데이터가 손실될 수 있습니다.
C:\Users\SBAUser\source\repos\API포폴\WinAPI\Objects\PickBan\CharaCard.cpp(83,22): warning C4244: '인수': 'float'에서 'int'(으)로 변환하면서 데이터가 손실될 수 있습니다.
C:\Users\SBAUser\source\repos\API포폴\WinAPI\Objects\PickBan\CharaCard.cpp(85,134): warning C4267: '인수': 'size_t'에서 'int'(으)로 변환하면서 데이터가 손실될 수 있습니다.
C:\Users\SBAUser\source\repos\API포폴\WinAPI\Objects\PickBan\CharaCard.cpp(85,34): warning C4244: '인수': 'float'에서 'int'(으)로 변환하면서 데이터가 손실될 수 있습니다.
C:\Users\SBAUser\source\repos\API포폴\WinAPI\Objects\PickBan\CharaCard.cpp(85,22): warning C4244: '인수': 'float'에서 'int'(으)로 변환하면서 데이터가 손실될 수 있습니다.
C:\Users\SBAUser\source\repos\API포폴\WinAPI\Objects\PickBan\CharaCard.cpp(86,141): warning C4267: '인수': 'size_t'에서 'int'(으)로 변환하면서 데이터가 손실될 수 있습니다.
C:\Users\SBAUser\source\repos\API포폴\WinAPI\Objects\PickBan\CharaCard.cpp(86,34): warning C4244: '인수': 'float'에서 'int'(으)로 변환하면서 데이터가 손실될 수 있습니다.
C:\Users\SBAUser\source\repos\API포폴\WinAPI\Objects\PickBan\CharaCard.cpp(86,22): warning C4244: '인수': 'float'에서 'int'(으)로 변환하면서 데이터가 손실될 수 있습니다.
C:\Users\SBAUser\source\repos\API포폴\WinAPI\Objects\PickBan\CharaCard.cpp(87,125): warning C4267: '인수': 'size_t'에서 'int'(으)로 변환하면서 데이터가 손실될 수 있습니다.
C:\Users\SBAUser\source\repos\API포폴\WinAPI\Objects\PickBan\CharaCard.cpp(87,34): warning C4244: '인수': 'float'에서 'int'(으)로 변환하면서 데이터가 손실될 수 있습니다.
C:\Users\SBAUser\source\repos\API포폴\WinAPI\Objects\PickBan\CharaCard.cpp(87,22): warning C4244: '인수': 'float'에서 'int'(으)로 변환하면서 데이터가 손실될 수 있습니다.
C:\Users\SBAUser\source\repos\API포폴\WinAPI\Objects\PickBan\CharaCard.cpp(90,124): warning C4267: '인수': 'size_t'에서 'int'(으)로 변환하면서 데이터가 손실될 수 있습니다.
C:\Users\SBAUser\source\repos\API포폴\WinAPI\Objects\PickBan\CharaCard.cpp(90,35): warning C4244: '인수': 'float'에서 'int'(으)로 변환하면서 데이터가 손실될 수 있습니다.
C:\Users\SBAUser\source\repos\API포폴\WinAPI\Objects\PickBan\CharaCard.cpp(90,22): warning C4244: '인수': 'float'에서 'int'(으)로 변환하면서 데이터가 손실될 수 있습니다.
C:\Users\SBAUser\source\repos\API포폴\WinAPI\Objects\PickBan\CharaCard.cpp(92,136): warning C4267: '인수': 'size_t'에서 'int'(으)로 변환하면서 데이터가 손실될 수 있습니다.
C:\Users\SBAUser\source\repos\API포폴\WinAPI\Objects\PickBan\CharaCard.cpp(92,34): warning C4244: '인수': 'float'에서 'int'(으)로 변환하면서 데이터가 손실될 수 있습니다.
C:\Users\SBAUser\source\repos\API포폴\WinAPI\Objects\PickBan\CharaCard.cpp(92,22): warning C4244: '인수': 'float'에서 'int'(으)로 변환하면서 데이터가 손실될 수 있습니다.
C:\Users\SBAUser\source\repos\API포폴\WinAPI\Objects\PickBan\CharaCard.cpp(93,136): warning C4267: '인수': 'size_t'에서 'int'(으)로 변환하면서 데이터가 손실될 수 있습니다.
C:\Users\SBAUser\source\repos\API포폴\WinAPI\Objects\PickBan\CharaCard.cpp(93,34): warning C4244: '인수': 'float'에서 'int'(으)로 변환하면서 데이터가 손실될 수 있습니다.
C:\Users\SBAUser\source\repos\API포폴\WinAPI\Objects\PickBan\CharaCard.cpp(93,22): warning C4244: '인수': 'float'에서 'int'(으)로 변환하면서 데이터가 손실될 수 있습니다.
C:\Users\SBAUser\source\repos\API포폴\WinAPI\Objects\PickBan\CharaCard.cpp(101,90): warning C4267: '인수': 'size_t'에서 'int'(으)로 변환하면서 데이터가 손실될 수 있습니다.
C:\Users\SBAUser\source\repos\API포폴\WinAPI\Objects\PickBan\CharaCard.cpp(101,59): warning C4244: '인수': 'float'에서 'int'(으)로 변환하면서 데이터가 손실될 수 있습니다.
C:\Users\SBAUser\source\repos\API포폴\WinAPI\Objects\PickBan\CharaCard.cpp(101,35): warning C4244: '인수': 'float'에서 'int'(으)로 변환하면서 데이터가 손실될 수 있습니다.
C:\Users\SBAUser\source\repos\API포폴\WinAPI\Objects\PickBan\CharaCard.cpp(105,90): warning C4267: '인수': 'size_t'에서 'int'(으)로 변환하면서 데이터가 손실될 수 있습니다.
C:\Users\SBAUser\source\repos\API포폴\WinAPI\Objects\PickBan\CharaCard.cpp(105,59): warning C4244: '인수': 'float'에서 'int'(으)로 변환하면서 데이터가 손실될 수 있습니다.
C:\Users\SBAUser\source\repos\API포폴\WinAPI\Objects\PickBan\CharaCard.cpp(105,35): warning C4244: '인수': 'float'에서 'int'(으)로 변환하면서 데이터가 손실될 수 있습니다.
C:\Users\SBAUser\source\repos\API포폴\WinAPI\Objects\PickBan\CharaCard.cpp(106,91): warning C4267: '인수': 'size_t'에서 'int'(으)로 변환하면서 데이터가 손실될 수 있습니다.
C:\Users\SBAUser\source\repos\API포폴\WinAPI\Objects\PickBan\CharaCard.cpp(106,58): warning C4244: '인수': 'float'에서 'int'(으)로 변환하면서 데이터가 손실될 수 있습니다.
C:\Users\SBAUser\source\repos\API포폴\WinAPI\Objects\PickBan\CharaCard.cpp(106,35): warning C4244: '인수': 'float'에서 'int'(으)로 변환하면서 데이터가 손실될 수 있습니다.
C:\Users\SBAUser\source\repos\API포폴\WinAPI\Objects\PickBan\CharaCard.cpp(107,95): warning C4267: '인수': 'size_t'에서 'int'(으)로 변환하면서 데이터가 손실될 수 있습니다.
C:\Users\SBAUser\source\repos\API포폴\WinAPI\Objects\PickBan\CharaCard.cpp(107,60): warning C4244: '인수': 'float'에서 'int'(으)로 변환하면서 데이터가 손실될 수 있습니다.
C:\Users\SBAUser\source\repos\API포폴\WinAPI\Objects\PickBan\CharaCard.cpp(107,36): warning C4244: '인수': 'float'에서 'int'(으)로 변환하면서 데이터가 손실될 수 있습니다.
C:\Users\SBAUser\source\repos\API포폴\WinAPI\Objects\PickBan\CharaCard.cpp(109,174): warning C4267: '인수': 'size_t'에서 'int'(으)로 변환하면서 데이터가 손실될 수 있습니다.
C:\Users\SBAUser\source\repos\API포폴\WinAPI\Objects\PickBan\CharaCard.cpp(109,59): warning C4244: '인수': 'float'에서 'int'(으)로 변환하면서 데이터가 손실될 수 있습니다.
C:\Users\SBAUser\source\repos\API포폴\WinAPI\Objects\PickBan\CharaCard.cpp(109,35): warning C4244: '인수': 'float'에서 'int'(으)로 변환하면서 데이터가 손실될 수 있습니다.
C:\Users\SBAUser\source\repos\API포폴\WinAPI\Objects\PickBan\CharaCard.cpp(110,175): warning C4267: '인수': 'size_t'에서 'int'(으)로 변환하면서 데이터가 손실될 수 있습니다.
C:\Users\SBAUser\source\repos\API포폴\WinAPI\Objects\PickBan\CharaCard.cpp(110,58): warning C4244: '인수': 'float'에서 'int'(으)로 변환하면서 데이터가 손실될 수 있습니다.
C:\Users\SBAUser\source\repos\API포폴\WinAPI\Objects\PickBan\CharaCard.cpp(110,35): warning C4244: '인수': 'float'에서 'int'(으)로 변환하면서 데이터가 손실될 수 있습니다.
C:\Users\SBAUser\source\repos\API포폴\WinAPI\Objects\PickBan\CharaCard.cpp(111,178): warning C4267: '인수': 'size_t'에서 'int'(으)로 변환하면서 데이터가 손실될 수 있습니다.
C:\Users\SBAUser\source\repos\API포폴\WinAPI\Objects\PickBan\CharaCard.cpp(111,59): warning C4244: '인수': 'float'에서 'int'(으)로 변환하면서 데이터가 손실될 수 있습니다.
C:\Users\SBAUser\source\repos\API포폴\WinAPI\Objects\PickBan\CharaCard.cpp(111,35): warning C4244: '인수': 'float'에서 'int'(으)로 변환하면서 데이터가 손실될 수 있습니다.
C:\Users\SBAUser\source\repos\API포폴\WinAPI\Objects\PickBan\CharaCard.cpp(115,168): warning C4267: '인수': 'size_t'에서 'int'(으)로 변환하면서 데이터가 손실될 수 있습니다.
C:\Users\SBAUser\source\repos\API포폴\WinAPI\Objects\PickBan\CharaCard.cpp(115,54): warning C4244: '인수': 'float'에서 'int'(으)로 변환하면서 데이터가 손실될 수 있습니다.
C:\Users\SBAUser\source\repos\API포폴\WinAPI\Objects\PickBan\CharaCard.cpp(115,32): warning C4244: '인수': 'float'에서 'int'(으)로 변환하면서 데이터가 손실될 수 있습니다.
C:\Users\SBAUser\source\repos\API포폴\WinAPI\Objects\PickBan\CharaCard.cpp(116,173): warning C4267: '인수': 'size_t'에서 'int'(으)로 변환하면서 데이터가 손실될 수 있습니다.
C:\Users\SBAUser\source\repos\API포폴\WinAPI\Objects\PickBan\CharaCard.cpp(116,54): warning C4244: '인수': 'float'에서 'int'(으)로 변환하면서 데이터가 손실될 수 있습니다.
C:\Users\SBAUser\source\repos\API포폴\WinAPI\Objects\PickBan\CharaCard.cpp(116,32): warning C4244: '인수': 'float'에서 'int'(으)로 변환하면서 데이터가 손실될 수 있습니다.
C:\Users\SBAUser\source\repos\API포폴\WinAPI\Objects\PickBan\CharaCard.cpp(117,169): warning C4267: '인수': 'size_t'에서 'int'(으)로 변환하면서 데이터가 손실될 수 있습니다.
C:\Users\SBAUser\source\repos\API포폴\WinAPI\Objects\PickBan\CharaCard.cpp(117,54): warning C4244: '인수': 'float'에서 'int'(으)로 변환하면서 데이터가 손실될 수 있습니다.
C:\Users\SBAUser\source\repos\API포폴\WinAPI\Objects\PickBan\CharaCard.cpp(117,32): warning C4244: '인수': 'float'에서 'int'(으)로 변환하면서 데이터가 손실될 수 있습니다.
  PickbanTurn.cpp
C:\Users\SBAUser\source\repos\API포폴\WinAPI\Objects\PickBan\PickbanTurn.cpp(91,88): warning C4267: '인수': 'size_t'에서 'int'(으)로 변환하면서 데이터가 손실될 수 있습니다.
C:\Users\SBAUser\source\repos\API포폴\WinAPI\Objects\PickBan\PickbanTurn.cpp(91,37): warning C4244: '인수': 'float'에서 'int'(으)로 변환하면서 데이터가 손실될 수 있습니다.
C:\Users\SBAUser\source\repos\API포폴\WinAPI\Objects\PickBan\PickbanTurn.cpp(91,24): warning C4244: '인수': 'float'에서 'int'(으)로 변환하면서 데이터가 손실될 수 있습니다.
C:\Users\SBAUser\source\repos\API포폴\WinAPI\Objects\PickBan\PickbanTurn.cpp(93,92): warning C4267: '인수': 'size_t'에서 'int'(으)로 변환하면서 데이터가 손실될 수 있습니다.
C:\Users\SBAUser\source\repos\API포폴\WinAPI\Objects\PickBan\PickbanTurn.cpp(93,37): warning C4244: '인수': 'float'에서 'int'(으)로 변환하면서 데이터가 손실될 수 있습니다.
C:\Users\SBAUser\source\repos\API포폴\WinAPI\Objects\PickBan\PickbanTurn.cpp(93,24): warning C4244: '인수': 'float'에서 'int'(으)로 변환하면서 데이터가 손실될 수 있습니다.
C:\Users\SBAUser\source\repos\API포폴\WinAPI\Objects\PickBan\PickbanTurn.cpp(94,95): warning C4267: '인수': 'size_t'에서 'int'(으)로 변환하면서 데이터가 손실될 수 있습니다.
C:\Users\SBAUser\source\repos\API포폴\WinAPI\Objects\PickBan\PickbanTurn.cpp(94,34): warning C4244: '인수': 'float'에서 'int'(으)로 변환하면서 데이터가 손실될 수 있습니다.
C:\Users\SBAUser\source\repos\API포폴\WinAPI\Objects\PickBan\PickbanTurn.cpp(94,24): warning C4244: '인수': 'float'에서 'int'(으)로 변환하면서 데이터가 손실될 수 있습니다.
C:\Users\SBAUser\source\repos\API포폴\WinAPI\Objects\PickBan\PickbanTurn.cpp(102,92): warning C4267: '인수': 'size_t'에서 'int'(으)로 변환하면서 데이터가 손실될 수 있습니다.
C:\Users\SBAUser\source\repos\API포폴\WinAPI\Objects\PickBan\PickbanTurn.cpp(102,37): warning C4244: '인수': 'float'에서 'int'(으)로 변환하면서 데이터가 손실될 수 있습니다.
C:\Users\SBAUser\source\repos\API포폴\WinAPI\Objects\PickBan\PickbanTurn.cpp(102,24): warning C4244: '인수': 'float'에서 'int'(으)로 변환하면서 데이터가 손실될 수 있습니다.
C:\Users\SBAUser\source\repos\API포폴\WinAPI\Objects\PickBan\PickbanTurn.cpp(105,92): warning C4267: '인수': 'size_t'에서 'int'(으)로 변환하면서 데이터가 손실될 수 있습니다.
C:\Users\SBAUser\source\repos\API포폴\WinAPI\Objects\PickBan\PickbanTurn.cpp(105,37): warning C4244: '인수': 'float'에서 'int'(으)로 변환하면서 데이터가 손실될 수 있습니다.
C:\Users\SBAUser\source\repos\API포폴\WinAPI\Objects\PickBan\PickbanTurn.cpp(105,24): warning C4244: '인수': 'float'에서 'int'(으)로 변환하면서 데이터가 손실될 수 있습니다.
C:\Users\SBAUser\source\repos\API포폴\WinAPI\Objects\PickBan\PickbanTurn.cpp(106,95): warning C4267: '인수': 'size_t'에서 'int'(으)로 변환하면서 데이터가 손실될 수 있습니다.
C:\Users\SBAUser\source\repos\API포폴\WinAPI\Objects\PickBan\PickbanTurn.cpp(106,34): warning C4244: '인수': 'float'에서 'int'(으)로 변환하면서 데이터가 손실될 수 있습니다.
C:\Users\SBAUser\source\repos\API포폴\WinAPI\Objects\PickBan\PickbanTurn.cpp(106,24): warning C4244: '인수': 'float'에서 'int'(으)로 변환하면서 데이터가 손실될 수 있습니다.
C:\Users\SBAUser\source\repos\API포폴\WinAPI\Objects\PickBan\PickbanTurn.cpp(117,90): warning C4267: '인수': 'size_t'에서 'int'(으)로 변환하면서 데이터가 손실될 수 있습니다.
C:\Users\SBAUser\source\repos\API포폴\WinAPI\Objects\PickBan\PickbanTurn.cpp(117,37): warning C4244: '인수': 'float'에서 'int'(으)로 변환하면서 데이터가 손실될 수 있습니다.
C:\Users\SBAUser\source\repos\API포폴\WinAPI\Objects\PickBan\PickbanTurn.cpp(117,24): warning C4244: '인수': 'float'에서 'int'(으)로 변환하면서 데이터가 손실될 수 있습니다.
C:\Users\SBAUser\source\repos\API포폴\WinAPI\Objects\PickBan\PickbanTurn.cpp(119,94): warning C4267: '인수': 'size_t'에서 'int'(으)로 변환하면서 데이터가 손실될 수 있습니다.
C:\Users\SBAUser\source\repos\API포폴\WinAPI\Objects\PickBan\PickbanTurn.cpp(119,37): warning C4244: '인수': 'float'에서 'int'(으)로 변환하면서 데이터가 손실될 수 있습니다.
C:\Users\SBAUser\source\repos\API포폴\WinAPI\Objects\PickBan\PickbanTurn.cpp(119,24): warning C4244: '인수': 'float'에서 'int'(으)로 변환하면서 데이터가 손실될 수 있습니다.
C:\Users\SBAUser\source\repos\API포폴\WinAPI\Objects\PickBan\PickbanTurn.cpp(120,95): warning C4267: '인수': 'size_t'에서 'int'(으)로 변환하면서 데이터가 손실될 수 있습니다.
C:\Users\SBAUser\source\repos\API포폴\WinAPI\Objects\PickBan\PickbanTurn.cpp(120,34): warning C4244: '인수': 'float'에서 'int'(으)로 변환하면서 데이터가 손실될 수 있습니다.
C:\Users\SBAUser\source\repos\API포폴\WinAPI\Objects\PickBan\PickbanTurn.cpp(120,24): warning C4244: '인수': 'float'에서 'int'(으)로 변환하면서 데이터가 손실될 수 있습니다.
C:\Users\SBAUser\source\repos\API포폴\WinAPI\Objects\PickBan\PickbanTurn.cpp(128,94): warning C4267: '인수': 'size_t'에서 'int'(으)로 변환하면서 데이터가 손실될 수 있습니다.
C:\Users\SBAUser\source\repos\API포폴\WinAPI\Objects\PickBan\PickbanTurn.cpp(128,37): warning C4244: '인수': 'float'에서 'int'(으)로 변환하면서 데이터가 손실될 수 있습니다.
C:\Users\SBAUser\source\repos\API포폴\WinAPI\Objects\PickBan\PickbanTurn.cpp(128,24): warning C4244: '인수': 'float'에서 'int'(으)로 변환하면서 데이터가 손실될 수 있습니다.
C:\Users\SBAUser\source\repos\API포폴\WinAPI\Objects\PickBan\PickbanTurn.cpp(131,94): warning C4267: '인수': 'size_t'에서 'int'(으)로 변환하면서 데이터가 손실될 수 있습니다.
C:\Users\SBAUser\source\repos\API포폴\WinAPI\Objects\PickBan\PickbanTurn.cpp(131,37): warning C4244: '인수': 'float'에서 'int'(으)로 변환하면서 데이터가 손실될 수 있습니다.
C:\Users\SBAUser\source\repos\API포폴\WinAPI\Objects\PickBan\PickbanTurn.cpp(131,24): warning C4244: '인수': 'float'에서 'int'(으)로 변환하면서 데이터가 손실될 수 있습니다.
C:\Users\SBAUser\source\repos\API포폴\WinAPI\Objects\PickBan\PickbanTurn.cpp(132,95): warning C4267: '인수': 'size_t'에서 'int'(으)로 변환하면서 데이터가 손실될 수 있습니다.
C:\Users\SBAUser\source\repos\API포폴\WinAPI\Objects\PickBan\PickbanTurn.cpp(132,34): warning C4244: '인수': 'float'에서 'int'(으)로 변환하면서 데이터가 손실될 수 있습니다.
C:\Users\SBAUser\source\repos\API포폴\WinAPI\Objects\PickBan\PickbanTurn.cpp(132,24): warning C4244: '인수': 'float'에서 'int'(으)로 변환하면서 데이터가 손실될 수 있습니다.
C:\Users\SBAUser\source\repos\API포폴\WinAPI\Objects\PickBan\PickbanTurn.cpp(139,83): warning C4267: '인수': 'size_t'에서 'int'(으)로 변환하면서 데이터가 손실될 수 있습니다.
C:\Users\SBAUser\source\repos\API포폴\WinAPI\Objects\PickBan\PickbanTurn.cpp(139,36): warning C4244: '인수': 'float'에서 'int'(으)로 변환하면서 데이터가 손실될 수 있습니다.
C:\Users\SBAUser\source\repos\API포폴\WinAPI\Objects\PickBan\PickbanTurn.cpp(139,23): warning C4244: '인수': 'float'에서 'int'(으)로 변환하면서 데이터가 손실될 수 있습니다.
C:\Users\SBAUser\source\repos\API포폴\WinAPI\Objects\PickBan\PickbanTurn.cpp(180,160): warning C4267: '인수': 'size_t'에서 'int'(으)로 변환하면서 데이터가 손실될 수 있습니다.
C:\Users\SBAUser\source\repos\API포폴\WinAPI\Objects\PickBan\PickbanTurn.cpp(180,35): warning C4244: '인수': 'float'에서 'int'(으)로 변환하면서 데이터가 손실될 수 있습니다.
C:\Users\SBAUser\source\repos\API포폴\WinAPI\Objects\PickBan\PickbanTurn.cpp(180,24): warning C4244: '인수': 'float'에서 'int'(으)로 변환하면서 데이터가 손실될 수 있습니다.
C:\Users\SBAUser\source\repos\API포폴\WinAPI\Objects\PickBan\PickbanTurn.cpp(201,160): warning C4267: '인수': 'size_t'에서 'int'(으)로 변환하면서 데이터가 손실될 수 있습니다.
C:\Users\SBAUser\source\repos\API포폴\WinAPI\Objects\PickBan\PickbanTurn.cpp(201,35): warning C4244: '인수': 'float'에서 'int'(으)로 변환하면서 데이터가 손실될 수 있습니다.
C:\Users\SBAUser\source\repos\API포폴\WinAPI\Objects\PickBan\PickbanTurn.cpp(201,24): warning C4244: '인수': 'float'에서 'int'(으)로 변환하면서 데이터가 손실될 수 있습니다.
  ArenaScene.cpp
C:\Users\SBAUser\source\repos\API포폴\WinAPI\Scenes\ArenaScene.cpp(258,85): warning C4267: '인수': 'size_t'에서 'int'(으)로 변환하면서 데이터가 손실될 수 있습니다.
C:\Users\SBAUser\source\repos\API포폴\WinAPI\Scenes\ArenaScene.cpp(259,89): warning C4267: '인수': 'size_t'에서 'int'(으)로 변환하면서 데이터가 손실될 수 있습니다.
C:\Users\SBAUser\source\repos\API포폴\WinAPI\Scenes\ArenaScene.cpp(269,76): warning C4267: '인수': 'size_t'에서 'int'(으)로 변환하면서 데이터가 손실될 수 있습니다.
C:\Users\SBAUser\source\repos\API포폴\WinAPI\Scenes\ArenaScene.cpp(269,25): warning C4244: '인수': 'float'에서 'int'(으)로 변환하면서 데이터가 손실될 수 있습니다.
  코드를 생성하고 있습니다...
  WinAPI.vcxproj -> C:\Users\SBAUser\source\repos\API포폴\x64\Debug\WinAPI.exe
