c:\users\user\documents\khb\class\winapi\winapi\winapi\x64\debug\vc143.pdb
c:\users\user\documents\khb\class\winapi\winapi\winapi\x64\debug\vc143.idb
c:\users\user\documents\khb\class\winapi\winapi\winapi\x64\debug\controlbar.obj
c:\users\user\documents\khb\class\winapi\winapi\winapi\x64\debug\brickmanager.obj
c:\users\user\documents\khb\class\winapi\winapi\winapi\x64\debug\brick.obj
c:\users\user\documents\khb\class\winapi\winapi\winapi\x64\debug\ball.obj
c:\users\user\documents\khb\class\winapi\winapi\winapi\x64\debug\rect.obj
c:\users\user\documents\khb\class\winapi\winapi\winapi\x64\debug\line.obj
c:\users\user\documents\khb\class\winapi\winapi\winapi\x64\debug\imagerect.obj
c:\users\user\documents\khb\class\winapi\winapi\winapi\x64\debug\gameobject.obj
c:\users\user\documents\khb\class\winapi\winapi\winapi\x64\debug\effect.obj
c:\users\user\documents\khb\class\winapi\winapi\winapi\x64\debug\circle.obj
c:\users\user\documents\khb\class\winapi\winapi\winapi\x64\debug\cannon.obj
c:\users\user\documents\khb\class\winapi\winapi\winapi\x64\debug\gamemanager.obj
c:\users\user\documents\khb\class\winapi\winapi\winapi\x64\debug\utility.obj
c:\users\user\documents\khb\class\winapi\winapi\winapi\x64\debug\timer.obj
c:\users\user\documents\khb\class\winapi\winapi\winapi\x64\debug\keyboard.obj
c:\users\user\documents\khb\class\winapi\winapi\winapi\x64\debug\audio.obj
c:\users\user\documents\khb\class\winapi\winapi\winapi\x64\debug\texture.obj
c:\users\user\documents\khb\class\winapi\winapi\winapi\x64\debug\camera.obj
c:\users\user\documents\khb\class\winapi\winapi\winapi\x64\debug\animation.obj
c:\users\user\documents\khb\class\winapi\winapi\winapi\x64\debug\gamemath.obj
c:\users\user\documents\khb\class\winapi\winapi\winapi\x64\debug\anglescene.obj
c:\users\user\documents\khb\class\winapi\winapi\winapi\x64\debug\progressbar.obj
c:\users\user\documents\khb\class\winapi\winapi\winapi\x64\debug\plane.obj
c:\users\user\documents\khb\class\winapi\winapi\winapi\x64\debug\enemymanager.obj
c:\users\user\documents\khb\class\winapi\winapi\winapi\x64\debug\enemy.obj
c:\users\user\documents\khb\class\winapi\winapi\winapi\x64\debug\bulletmanager.obj
c:\users\user\documents\khb\class\winapi\winapi\winapi\x64\debug\bullet.obj
c:\users\user\documents\khb\class\winapi\winapi\winapi\x64\debug\poolingmanager.obj
c:\users\user\documents\khb\class\winapi\winapi\winapi\x64\debug\effectmanager.obj
c:\users\user\documents\khb\class\winapi\winapi\winapi\x64\debug\pipemanager.obj
c:\users\user\documents\khb\class\winapi\winapi\winapi\x64\debug\landscape.obj
c:\users\user\documents\khb\class\winapi\winapi\winapi\x64\debug\flappybird.obj
c:\users\user\documents\khb\class\winapi\winapi\winapi\x64\debug\stagemanager.obj
c:\users\user\documents\khb\class\winapi\winapi\winapi\x64\debug\cookie.obj
c:\users\user\documents\khb\class\winapi\winapi\winapi\x64\debug\coin.obj
c:\users\user\documents\khb\class\winapi\winapi\winapi\x64\debug\monster.obj
c:\users\user\documents\khb\class\winapi\winapi\winapi\x64\debug\megaman.obj
c:\users\user\documents\khb\class\winapi\winapi\winapi\x64\debug\fighter.obj
c:\users\user\documents\khb\class\winapi\winapi\winapi\x64\debug\character.obj
c:\users\user\documents\khb\class\winapi\winapi\winapi\x64\debug\battlecharacter.obj
c:\users\user\documents\khb\class\winapi\winapi\winapi\x64\debug\winapi.obj
c:\users\user\documents\khb\class\winapi\winapi\winapi\x64\debug\shootingscene.obj
c:\users\user\documents\khb\class\winapi\winapi\winapi\x64\debug\pixelcollisionscene.obj
c:\users\user\documents\khb\class\winapi\winapi\winapi\x64\debug\flappybirdscene.obj
c:\users\user\documents\khb\class\winapi\winapi\winapi\x64\debug\diggamescene.obj
c:\users\user\documents\khb\class\winapi\winapi\winapi\x64\debug\cookierunscene.obj
c:\users\user\documents\khb\class\winapi\winapi\winapi\x64\debug\collisionscene.obj
c:\users\user\documents\khb\class\winapi\winapi\winapi\x64\debug\brickoutscene.obj
c:\users\user\documents\khb\class\winapi\winapi\winapi\x64\debug\bitmapscene.obj
c:\users\user\documents\khb\class\winapi\winapi\winapi\x64\debug\battlescene.obj
c:\users\user\documents\khb\class\winapi\winapi\winapi\x64\debug\animationscene.obj
c:\users\user\documents\khb\class\winapi\winapi\winapi\x64\debug\bombmanager.obj
c:\users\user\documents\khb\class\winapi\winapi\winapi\x64\debug\bomb.obj
c:\users\user\documents\khb\class\winapi\winapi\winapi\x64\debug\pixelcharacter.obj
c:\users\user\documents\khb\class\winapi\winapi\winapi\x64\debug\siva.obj
c:\users\user\documents\khb\class\winapi\winapi\winapi\x64\debug\observer.obj
c:\users\user\documents\khb\class\winapi\winapi\winapi\x64\debug\scenemanager.obj
c:\users\user\documents\khb\class\winapi\winapi\winapi\x64\debug\buttonscene.obj
c:\users\user\documents\khb\class\winapi\winapi\winapi\x64\debug\winapi.pch
c:\users\user\documents\khb\class\winapi\winapi\winapi\x64\debug\framework.obj
c:\users\user\documents\khb\class\winapi\winapi\winapi\x64\debug\button.obj
c:\users\user\documents\khb\class\winapi\winapi\x64\debug\winapi.exe
c:\users\user\documents\khb\class\winapi\winapi\winapi\x64\debug\winapi.ilk
c:\users\user\documents\khb\class\winapi\winapi\x64\debug\winapi.pdb
c:\users\user\documents\khb\class\winapi\winapi\winapi\x64\debug\winapi.res
c:\users\user\documents\khb\class\winapi\winapi\winapi\x64\debug\winapi.tlog\cl.command.1.tlog
c:\users\user\documents\khb\class\winapi\winapi\winapi\x64\debug\winapi.tlog\cl.read.1.tlog
c:\users\user\documents\khb\class\winapi\winapi\winapi\x64\debug\winapi.tlog\cl.write.1.tlog
c:\users\user\documents\khb\class\winapi\winapi\winapi\x64\debug\winapi.tlog\link.command.1.tlog
c:\users\user\documents\khb\class\winapi\winapi\winapi\x64\debug\winapi.tlog\link.read.1.tlog
c:\users\user\documents\khb\class\winapi\winapi\winapi\x64\debug\winapi.tlog\link.write.1.tlog
c:\users\user\documents\khb\class\winapi\winapi\winapi\x64\debug\winapi.tlog\rc.command.1.tlog
c:\users\user\documents\khb\class\winapi\winapi\winapi\x64\debug\winapi.tlog\rc.read.1.tlog
c:\users\user\documents\khb\class\winapi\winapi\winapi\x64\debug\winapi.tlog\rc.write.1.tlog
